Starting china-inventory2_db_1 ... 
[1A[2KStarting china-inventory2_db_1 ... [32mdone[0m[1BI, [2020-02-24T09:55:49.292622 #1]  INFO -- : Starting clock for 1 events: [ regular_slack ]
I, [2020-02-24T09:55:49.293666 #1]  INFO -- : Triggering 'regular_slack'
I, [2020-02-24T09:56:49.002815 #1]  INFO -- : Triggering 'regular_slack'
I, [2020-02-24T09:57:49.001369 #1]  INFO -- : Triggering 'regular_slack'
I, [2020-02-24T09:58:49.001495 #1]  INFO -- : Triggering 'regular_slack'
Starting china-inventory2_db_1 ... 
[1A[2KStarting china-inventory2_db_1 ... [32mdone[0m[1BI, [2020-02-24T10:01:30.024260 #1]  INFO -- : Starting clock for 1 events: [ regular_slack ]
I, [2020-02-24T10:01:30.024700 #1]  INFO -- : Triggering 'regular_slack'
I, [2020-02-24T10:02:30.001307 #1]  INFO -- : Triggering 'regular_slack'
I, [2020-02-24T10:03:30.001328 #1]  INFO -- : Triggering 'regular_slack'
Starting china-inventory2_db_1 ... 
[1A[2KStarting china-inventory2_db_1 ... [32mdone[0m[1BI, [2020-02-24T10:06:11.997006 #1]  INFO -- : Starting clock for 1 events: [ regular_slack ]
I, [2020-02-24T10:06:11.997603 #1]  INFO -- : Triggering 'regular_slack'
Starting china-inventory2_db_1 ... 
[1A[2KStarting china-inventory2_db_1 ... [32mdone[0m[1BI, [2020-02-24T10:07:07.079196 #1]  INFO -- : Starting clock for 1 events: [ regular_slack ]
I, [2020-02-24T10:07:07.079891 #1]  INFO -- : Triggering 'regular_slack'
I, [2020-02-24T10:08:07.001294 #1]  INFO -- : Triggering 'regular_slack'
I, [2020-02-24T10:09:07.001237 #1]  INFO -- : Triggering 'regular_slack'
I, [2020-02-24T10:10:07.001326 #1]  INFO -- : Triggering 'regular_slack'
I, [2020-02-24T10:11:07.001373 #1]  INFO -- : Triggering 'regular_slack'
Starting china-inventory2_db_1 ... 
[1A[2KStarting china-inventory2_db_1 ... [32mdone[0m[1BThe dependency tzinfo-data (>= 0) will be unused by any of the platforms Bundler is installing for. Bundler is installing for ruby but the dependency is only for x86-mingw32, x86-mswin32, x64-mingw32, java. To add those platforms to the bundle, run `bundle lock --add-platform x86-mingw32 x86-mswin32 x64-mingw32 java`.
Using rake 13.0.1
Using concurrent-ruby 1.1.6
Using i18n 1.8.2
Using minitest 5.14.0
Using thread_safe 0.3.6
Using tzinfo 1.2.6
Using activesupport 5.2.4.1
Using builder 3.2.4
Using erubi 1.9.0
Using mini_portile2 2.4.0
Using nokogiri 1.10.8
Using rails-dom-testing 2.0.3
Using crass 1.0.6
Using loofah 2.4.0
Using rails-html-sanitizer 1.3.0
Using actionview 5.2.4.1
Using rack 2.2.2
Using rack-test 1.1.0
Using actionpack 5.2.4.1
Using nio4r 2.5.2
Using websocket-extensions 0.1.4
Using websocket-driver 0.7.1
Using actioncable 5.2.4.1
Using globalid 0.4.2
Using activejob 5.2.4.1
Using mini_mime 1.0.2
Using mail 2.7.1
Using actionmailer 5.2.4.1
Using activemodel 5.2.4.1
Using arel 9.0.0
Using activerecord 5.2.4.1
Using activerecord-import 1.0.4
Using mimemagic 0.3.4
Using marcel 0.3.3
Using activestorage 5.2.4.1
Using public_suffix 4.0.3
Using addressable 2.7.0
Using io-like 0.3.1
Using archive-zip 0.12.0
Using ast 2.4.0
Using execjs 2.7.0
Using autoprefixer-rails 9.7.4
Using bcrypt 3.1.13
Using coderay 1.1.2
Using better_errors 2.5.1
Using bindex 0.8.1
Using debug_inspector 0.0.3
Using binding_of_caller 0.8.0
Using msgpack 1.3.3
Using bootsnap 1.4.5
Using ffi 1.12.2
Using sassc 2.2.1
Using bootstrap-sass 3.4.1
Using will_paginate 3.1.7
Using bootstrap-will_paginate 1.0.0
Using bundler 1.17.2
Using byebug 11.1.1
Using regexp_parser 1.6.0
Using xpath 3.2.0
Using capybara 3.31.0
Using childprocess 3.0.0
Using chromedriver-helper 2.1.1
Using clockwork 2.0.4
Using coffee-script-source 1.12.2
Using coffee-script 2.4.1
Using method_source 0.9.2
Using thor 1.0.1
Using railties 5.2.4.1
Using coffee-rails 4.2.2
Using connection_pool 2.2.2
Using diff-lcs 1.3
Using unf_ext 0.0.7.6
Using unf 0.1.4
Using domain_name 0.5.20190701
Using eventmachine 1.2.7
Using factory_bot 5.1.1
Using factory_bot_rails 5.1.1
Using faker 2.10.2
Using multipart-post 2.1.1
Using faraday 0.17.3
Using faraday_middleware 0.10.1
Using faye-websocket 0.10.9
Using ffaker 2.13.0
Using http-cookie 1.0.3
Using jaro_winkler 1.5.4
Using jbuilder 2.10.0
Using jquery-rails 4.3.1
Using libv8 7.3.492.27.1 (x86_64-linux)
Using rb-fsevent 0.10.3
Using rb-inotify 0.10.1
Using ruby_dep 1.5.0
Using listen 3.1.5
Using mime-types-data 3.2019.1009
Using mime-types 3.3.1
Using net-http-digest_auth 1.4.1
Using net-http-persistent 3.1.0
Using ntlm-http 0.1.1
Using webrobots 0.1.2
Using mechanize 2.7.6
Using mini_racer 0.2.9
Using multi_json 1.14.1
Using parallel 1.19.1
Using parser 2.7.0.2
Using pg 1.2.2
Using pry 0.12.2
Using pry-byebug 3.8.0
Using yard 0.9.24
Using pry-doc 1.0.0
Using pry-rails 0.3.9
Using puma 3.12.2
Using sprockets 3.7.2
Using sprockets-rails 3.2.1
Using rails 5.2.4.1
Using rails-controller-testing 1.0.4
Using rails-i18n 5.1.3
Using rainbow 3.0.0
Using rexml 3.2.4
Using rspec-support 3.9.2
Using rspec-core 3.9.1
Using rspec-expectations 3.9.0
Using rspec-mocks 3.9.1
Using rspec-rails 3.9.0
Using ruby-progressbar 1.10.1
Using unicode-display_width 1.6.1
Using rubocop 0.80.0
Using rubocop-rails 2.4.2
Using rubyzip 2.2.0
Using sass-listen 4.0.0
Using sass 3.7.4
Using tilt 2.0.10
Using sass-rails 5.1.0
Using selenium-webdriver 3.142.7
Using slack-api 1.6.1
Using spring 2.1.0
Using spring-watcher-listen 2.0.1
Using turbolinks-source 5.2.0
Using turbolinks 5.2.1
Using uglifier 4.2.0
Using web-console 3.7.0
Bundle complete! 40 Gemfile dependencies, 139 gems now installed.
Bundled gems are installed into `./vendor/bundle`
Starting china-inventory2_db_1 ... 
[1A[2KStarting china-inventory2_db_1 ... [32mdone[0m[1BI, [2020-02-24T13:31:06.176606 #1]  INFO -- : Starting clock for 1 events: [ regular_slack ]
I, [2020-02-24T13:31:06.177353 #1]  INFO -- : Triggering 'regular_slack'
I, [2020-02-24T13:32:06.001268 #1]  INFO -- : Triggering 'regular_slack'
I, [2020-02-24T13:33:06.001357 #1]  INFO -- : Triggering 'regular_slack'
I, [2020-02-24T13:34:06.001422 #1]  INFO -- : Triggering 'regular_slack'
I, [2020-02-24T13:35:06.001362 #1]  INFO -- : Triggering 'regular_slack'
I, [2020-02-24T13:36:06.003689 #1]  INFO -- : Triggering 'regular_slack'
Starting china-inventory2_db_1 ... 
[1A[2KStarting china-inventory2_db_1 ... [32mdone[0m[1BI, [2020-02-24T13:37:51.246868 #1]  INFO -- : Starting clock for 1 events: [ regular_slack ]
I, [2020-02-24T13:37:51.247366 #1]  INFO -- : Triggering 'regular_slack'
I, [2020-02-24T13:47:51.001480 #1]  INFO -- : Triggering 'regular_slack'
I, [2020-02-24T13:57:51.001541 #1]  INFO -- : Triggering 'regular_slack'
